{
  "RSpec": {
    "coverage": {
      "/Users/lingtran/turing/4module/idea_box/app/helpers/application_helper.rb": [
        1,
        null
      ],
      "/Users/lingtran/turing/4module/idea_box/app/models/idea.rb": [
        1,
        1,
        1,
        1,
        null,
        1,
        null
      ],
      "/Users/lingtran/turing/4module/idea_box/app/controllers/api/v1/ideas_controller.rb": [
        1,
        1,
        2,
        null,
        null
      ],
      "/Users/lingtran/turing/4module/idea_box/app/controllers/api/api_controller.rb": [
        1,
        1,
        null,
        1,
        null
      ],
      "/Users/lingtran/turing/4module/idea_box/app/controllers/application_controller.rb": [
        1,
        null,
        null,
        1,
        null
      ],
      "/Users/lingtran/turing/4module/idea_box/app/serializers/idea_serializer.rb": [
        1,
        1,
        null
      ],
      "/Users/lingtran/turing/4module/idea_box/app/controllers/home_controller.rb": [
        0,
        0,
        0,
        0
      ]
    },
    "timestamp": 1467061209
  }
}
